# JRE version: OpenJDK Runtime Environment (7.0_65-b32) (build 1.7.0_65-b32)
# Java VM: OpenJDK 64-Bit Server VM (24.65-b04 mixed mode linux-amd64 compressed oops)
Heap
 PSYoungGen      total 75264K, used 14973K [0x00000007acd00000, 0x00000007b2080000, 0x0000000800000000)
  eden space 65024K, 23% used [0x00000007acd00000,0x00000007adb9f580,0x00000007b0c80000)
  from space 10240K, 0% used [0x00000007b1680000,0x00000007b1680000,0x00000007b2080000)
  to   space 10240K, 0% used [0x00000007b0c80000,0x00000007b0c80000,0x00000007b1680000)
 ParOldGen       total 169984K, used 1835K [0x0000000706800000, 0x0000000710e00000, 0x00000007acd00000)
  object space 169984K, 1% used [0x0000000706800000,0x00000007069cae58,0x0000000710e00000)
 PSPermGen       total 24064K, used 11773K [0x00000006fc200000, 0x00000006fd980000, 0x0000000706800000)
  object space 24064K, 48% used [0x00000006fc200000,0x00000006fcd7f4e0,0x00000006fd980000)
GC Heap History (8 events):
Event: 0.744 GC heap before
{Heap before GC invocations=1 (full 0):
 PSYoungGen      total 75264K, used 11705K [0x00000007acd00000, 0x00000007b2080000, 0x0000000800000000)
  eden space 65024K, 18% used [0x00000007acd00000,0x00000007ad86e518,0x00000007b0c80000)
  from space 10240K, 0% used [0x00000007b1680000,0x00000007b1680000,0x00000007b2080000)
  to   space 10240K, 0% used [0x00000007b0c80000,0x00000007b0c80000,0x00000007b1680000)
 ParOldGen       total 169984K, used 0K [0x0000000706800000, 0x0000000710e00000, 0x00000007acd00000)
  object space 169984K, 0% used [0x0000000706800000,0x0000000706800000,0x0000000710e00000)
 PSPermGen       total 21504K, used 10314K [0x00000006fc200000, 0x00000006fd700000, 0x0000000706800000)
  object space 21504K, 47% used [0x00000006fc200000,0x00000006fcc12b98,0x00000006fd700000)
Event: 0.749 GC heap after
Heap after GC invocations=1 (full 0):
 PSYoungGen      total 75264K, used 2193K [0x00000007acd00000, 0x00000007b2080000, 0x0000000800000000)
  eden space 65024K, 0% used [0x00000007acd00000,0x00000007acd00000,0x00000007b0c80000)
  from space 10240K, 21% used [0x00000007b0c80000,0x00000007b0ea4690,0x00000007b1680000)
  to   space 10240K, 0% used [0x00000007b1680000,0x00000007b1680000,0x00000007b2080000)
 ParOldGen       total 169984K, used 8K [0x0000000706800000, 0x0000000710e00000, 0x00000007acd00000)
  object space 169984K, 0% used [0x0000000706800000,0x0000000706802000,0x0000000710e00000)
 PSPermGen       total 21504K, used 10314K [0x00000006fc200000, 0x00000006fd700000, 0x0000000706800000)
  object space 21504K, 47% used [0x00000006fc200000,0x00000006fcc12b98,0x00000006fd700000)
}
Event: 0.749 GC heap before
{Heap before GC invocations=2 (full 1):
 PSYoungGen      total 75264K, used 2193K [0x00000007acd00000, 0x00000007b2080000, 0x0000000800000000)
  eden space 65024K, 0% used [0x00000007acd00000,0x00000007acd00000,0x00000007b0c80000)
  from space 10240K, 21% used [0x00000007b0c80000,0x00000007b0ea4690,0x00000007b1680000)
  to   space 10240K, 0% used [0x00000007b1680000,0x00000007b1680000,0x00000007b2080000)
 ParOldGen       total 169984K, used 8K [0x0000000706800000, 0x0000000710e00000, 0x00000007acd00000)
  object space 169984K, 0% used [0x0000000706800000,0x0000000706802000,0x0000000710e00000)
 PSPermGen       total 21504K, used 10314K [0x00000006fc200000, 0x00000006fd700000, 0x0000000706800000)
  object space 21504K, 47% used [0x00000006fc200000,0x00000006fcc12b98,0x00000006fd700000)
Event: 0.775 GC heap after
Heap after GC invocations=2 (full 1):
 PSYoungGen      total 75264K, used 0K [0x00000007acd00000, 0x00000007b2080000, 0x0000000800000000)
  eden space 65024K, 0% used [0x00000007acd00000,0x00000007acd00000,0x00000007b0c80000)
  from space 10240K, 0% used [0x00000007b0c80000,0x00000007b0c80000,0x00000007b1680000)
  to   space 10240K, 0% used [0x00000007b1680000,0x00000007b1680000,0x00000007b2080000)
 ParOldGen       total 169984K, used 1984K [0x0000000706800000, 0x0000000710e00000, 0x00000007acd00000)
  object space 169984K, 1% used [0x0000000706800000,0x00000007069f03b8,0x0000000710e00000)
 PSPermGen       total 21504K, used 10312K [0x00000006fc200000, 0x00000006fd700000, 0x0000000706800000)
  object space 21504K, 47% used [0x00000006fc200000,0x00000006fcc12340,0x00000006fd700000)
}
Event: 1.794 GC heap before
{Heap before GC invocations=3 (full 1):
 PSYoungGen      total 75264K, used 6936K [0x00000007acd00000, 0x00000007b2080000, 0x0000000800000000)
  eden space 65024K, 10% used [0x00000007acd00000,0x00000007ad3c61c0,0x00000007b0c80000)
  from space 10240K, 0% used [0x00000007b0c80000,0x00000007b0c80000,0x00000007b1680000)
  to   space 10240K, 0% used [0x00000007b1680000,0x00000007b1680000,0x00000007b2080000)
 ParOldGen       total 169984K, used 1984K [0x0000000706800000, 0x0000000710e00000, 0x00000007acd00000)
  object space 169984K, 1% used [0x0000000706800000,0x00000007069f03b8,0x0000000710e00000)
 PSPermGen       total 21504K, used 11053K [0x00000006fc200000, 0x00000006fd700000, 0x0000000706800000)
  object space 21504K, 51% used [0x00000006fc200000,0x00000006fcccb7d8,0x00000006fd700000)
Event: 1.796 GC heap after
Heap after GC invocations=3 (full 1):
 PSYoungGen      total 75264K, used 384K [0x00000007acd00000, 0x00000007b2080000, 0x0000000800000000)
  eden space 65024K, 0% used [0x00000007acd00000,0x00000007acd00000,0x00000007b0c80000)
  from space 10240K, 3% used [0x00000007b1680000,0x00000007b16e0000,0x00000007b2080000)
  to   space 10240K, 0% used [0x00000007b0c80000,0x00000007b0c80000,0x00000007b1680000)
 ParOldGen       total 169984K, used 1984K [0x0000000706800000, 0x0000000710e00000, 0x00000007acd00000)
  object space 169984K, 1% used [0x0000000706800000,0x00000007069f03b8,0x0000000710e00000)
 PSPermGen       total 21504K, used 11053K [0x00000006fc200000, 0x00000006fd700000, 0x0000000706800000)
  object space 21504K, 51% used [0x00000006fc200000,0x00000006fcccb7d8,0x00000006fd700000)
}
Event: 1.796 GC heap before
{Heap before GC invocations=4 (full 2):
 PSYoungGen      total 75264K, used 384K [0x00000007acd00000, 0x00000007b2080000, 0x0000000800000000)
  eden space 65024K, 0% used [0x00000007acd00000,0x00000007acd00000,0x00000007b0c80000)
  from space 10240K, 3% used [0x00000007b1680000,0x00000007b16e0000,0x00000007b2080000)
  to   space 10240K, 0% used [0x00000007b0c80000,0x00000007b0c80000,0x00000007b1680000)
 ParOldGen       total 169984K, used 1984K [0x0000000706800000, 0x0000000710e00000, 0x00000007acd00000)
  object space 169984K, 1% used [0x0000000706800000,0x00000007069f03b8,0x0000000710e00000)
 PSPermGen       total 21504K, used 11053K [0x00000006fc200000, 0x00000006fd700000, 0x0000000706800000)
  object space 21504K, 51% used [0x00000006fc200000,0x00000006fcccb7d8,0x00000006fd700000)
Event: 1.824 GC heap after
Heap after GC invocations=4 (full 2):
 PSYoungGen      total 75264K, used 0K [0x00000007acd00000, 0x00000007b2080000, 0x0000000800000000)
  eden space 65024K, 0% used [0x00000007acd00000,0x00000007acd00000,0x00000007b0c80000)
  from space 10240K, 0% used [0x00000007b1680000,0x00000007b1680000,0x00000007b2080000)
  to   space 10240K, 0% used [0x00000007b0c80000,0x00000007b0c80000,0x00000007b1680000)
 ParOldGen       total 169984K, used 1835K [0x0000000706800000, 0x0000000710e00000, 0x00000007acd00000)
  object space 169984K, 1% used [0x0000000706800000,0x00000007069cae58,0x0000000710e00000)
 PSPermGen       total 24064K, used 11053K [0x00000006fc200000, 0x00000006fd980000, 0x0000000706800000)
  object space 24064K, 45% used [0x00000006fc200000,0x00000006fcccb6d8,0x00000006fd980000)
}

