# JRE version: OpenJDK Runtime Environment (7.0_65-b32) (build 1.7.0_65-b32)
# Java VM: OpenJDK 64-Bit Server VM (24.65-b04 mixed mode linux-amd64 compressed oops)
Heap
 PSYoungGen      total 75264K, used 12040K [0x00000007acd00000, 0x00000007b2080000, 0x0000000800000000)
  eden space 65024K, 18% used [0x00000007acd00000,0x00000007ad8c2118,0x00000007b0c80000)
  from space 10240K, 0% used [0x00000007b1680000,0x00000007b1680000,0x00000007b2080000)
  to   space 10240K, 0% used [0x00000007b0c80000,0x00000007b0c80000,0x00000007b1680000)
 ParOldGen       total 169984K, used 1648K [0x0000000706800000, 0x0000000710e00000, 0x00000007acd00000)
  object space 169984K, 0% used [0x0000000706800000,0x000000070699c3a0,0x0000000710e00000)
 PSPermGen       total 23552K, used 11467K [0x00000006fc200000, 0x00000006fd900000, 0x0000000706800000)
  object space 23552K, 48% used [0x00000006fc200000,0x00000006fcd32fd8,0x00000006fd900000)
GC Heap History (8 events):
Event: 0.297 GC heap before
{Heap before GC invocations=1 (full 0):
 PSYoungGen      total 75264K, used 10404K [0x00000007acd00000, 0x00000007b2080000, 0x0000000800000000)
  eden space 65024K, 16% used [0x00000007acd00000,0x00000007ad729320,0x00000007b0c80000)
  from space 10240K, 0% used [0x00000007b1680000,0x00000007b1680000,0x00000007b2080000)
  to   space 10240K, 0% used [0x00000007b0c80000,0x00000007b0c80000,0x00000007b1680000)
 ParOldGen       total 169984K, used 0K [0x0000000706800000, 0x0000000710e00000, 0x00000007acd00000)
  object space 169984K, 0% used [0x0000000706800000,0x0000000706800000,0x0000000710e00000)
 PSPermGen       total 21504K, used 10144K [0x00000006fc200000, 0x00000006fd700000, 0x0000000706800000)
  object space 21504K, 47% used [0x00000006fc200000,0x00000006fcbe8200,0x00000006fd700000)
Event: 0.302 GC heap after
Heap after GC invocations=1 (full 0):
 PSYoungGen      total 75264K, used 1985K [0x00000007acd00000, 0x00000007b2080000, 0x0000000800000000)
  eden space 65024K, 0% used [0x00000007acd00000,0x00000007acd00000,0x00000007b0c80000)
  from space 10240K, 19% used [0x00000007b0c80000,0x00000007b0e70680,0x00000007b1680000)
  to   space 10240K, 0% used [0x00000007b1680000,0x00000007b1680000,0x00000007b2080000)
 ParOldGen       total 169984K, used 8K [0x0000000706800000, 0x0000000710e00000, 0x00000007acd00000)
  object space 169984K, 0% used [0x0000000706800000,0x0000000706802000,0x0000000710e00000)
 PSPermGen       total 21504K, used 10144K [0x00000006fc200000, 0x00000006fd700000, 0x0000000706800000)
  object space 21504K, 47% used [0x00000006fc200000,0x00000006fcbe8200,0x00000006fd700000)
}
Event: 0.302 GC heap before
{Heap before GC invocations=2 (full 1):
 PSYoungGen      total 75264K, used 1985K [0x00000007acd00000, 0x00000007b2080000, 0x0000000800000000)
  eden space 65024K, 0% used [0x00000007acd00000,0x00000007acd00000,0x00000007b0c80000)
  from space 10240K, 19% used [0x00000007b0c80000,0x00000007b0e70680,0x00000007b1680000)
  to   space 10240K, 0% used [0x00000007b1680000,0x00000007b1680000,0x00000007b2080000)
 ParOldGen       total 169984K, used 8K [0x0000000706800000, 0x0000000710e00000, 0x00000007acd00000)
  object space 169984K, 0% used [0x0000000706800000,0x0000000706802000,0x0000000710e00000)
 PSPermGen       total 21504K, used 10144K [0x00000006fc200000, 0x00000006fd700000, 0x0000000706800000)
  object space 21504K, 47% used [0x00000006fc200000,0x00000006fcbe8200,0x00000006fd700000)
Event: 0.332 GC heap after
Heap after GC invocations=2 (full 1):
 PSYoungGen      total 75264K, used 0K [0x00000007acd00000, 0x00000007b2080000, 0x0000000800000000)
  eden space 65024K, 0% used [0x00000007acd00000,0x00000007acd00000,0x00000007b0c80000)
  from space 10240K, 0% used [0x00000007b0c80000,0x00000007b0c80000,0x00000007b1680000)
  to   space 10240K, 0% used [0x00000007b1680000,0x00000007b1680000,0x00000007b2080000)
 ParOldGen       total 169984K, used 1797K [0x0000000706800000, 0x0000000710e00000, 0x00000007acd00000)
  object space 169984K, 1% used [0x0000000706800000,0x00000007069c1780,0x0000000710e00000)
 PSPermGen       total 21504K, used 10142K [0x00000006fc200000, 0x00000006fd700000, 0x0000000706800000)
  object space 21504K, 47% used [0x00000006fc200000,0x00000006fcbe79a8,0x00000006fd700000)
}
Event: 0.700 GC heap before
{Heap before GC invocations=3 (full 1):
 PSYoungGen      total 75264K, used 6936K [0x00000007acd00000, 0x00000007b2080000, 0x0000000800000000)
  eden space 65024K, 10% used [0x00000007acd00000,0x00000007ad3c61c0,0x00000007b0c80000)
  from space 10240K, 0% used [0x00000007b0c80000,0x00000007b0c80000,0x00000007b1680000)
  to   space 10240K, 0% used [0x00000007b1680000,0x00000007b1680000,0x00000007b2080000)
 ParOldGen       total 169984K, used 1797K [0x0000000706800000, 0x0000000710e00000, 0x00000007acd00000)
  object space 169984K, 1% used [0x0000000706800000,0x00000007069c1780,0x0000000710e00000)
 PSPermGen       total 21504K, used 10883K [0x00000006fc200000, 0x00000006fd700000, 0x0000000706800000)
  object space 21504K, 50% used [0x00000006fc200000,0x00000006fcca0e40,0x00000006fd700000)
Event: 0.712 GC heap after
Heap after GC invocations=3 (full 1):
 PSYoungGen      total 75264K, used 352K [0x00000007acd00000, 0x00000007b2080000, 0x0000000800000000)
  eden space 65024K, 0% used [0x00000007acd00000,0x00000007acd00000,0x00000007b0c80000)
  from space 10240K, 3% used [0x00000007b1680000,0x00000007b16d8000,0x00000007b2080000)
  to   space 10240K, 0% used [0x00000007b0c80000,0x00000007b0c80000,0x00000007b1680000)
 ParOldGen       total 169984K, used 1797K [0x0000000706800000, 0x0000000710e00000, 0x00000007acd00000)
  object space 169984K, 1% used [0x0000000706800000,0x00000007069c1780,0x0000000710e00000)
 PSPermGen       total 21504K, used 10883K [0x00000006fc200000, 0x00000006fd700000, 0x0000000706800000)
  object space 21504K, 50% used [0x00000006fc200000,0x00000006fcca0e40,0x00000006fd700000)
}
Event: 0.712 GC heap before
{Heap before GC invocations=4 (full 2):
 PSYoungGen      total 75264K, used 352K [0x00000007acd00000, 0x00000007b2080000, 0x0000000800000000)
  eden space 65024K, 0% used [0x00000007acd00000,0x00000007acd00000,0x00000007b0c80000)
  from space 10240K, 3% used [0x00000007b1680000,0x00000007b16d8000,0x00000007b2080000)
  to   space 10240K, 0% used [0x00000007b0c80000,0x00000007b0c80000,0x00000007b1680000)
 ParOldGen       total 169984K, used 1797K [0x0000000706800000, 0x0000000710e00000, 0x00000007acd00000)
  object space 169984K, 1% used [0x0000000706800000,0x00000007069c1780,0x0000000710e00000)
 PSPermGen       total 21504K, used 10883K [0x00000006fc200000, 0x00000006fd700000, 0x0000000706800000)
  object space 21504K, 50% used [0x00000006fc200000,0x00000006fcca0e40,0x00000006fd700000)
Event: 0.737 GC heap after
Heap after GC invocations=4 (full 2):
 PSYoungGen      total 75264K, used 0K [0x00000007acd00000, 0x00000007b2080000, 0x0000000800000000)
  eden space 65024K, 0% used [0x00000007acd00000,0x00000007acd00000,0x00000007b0c80000)
  from space 10240K, 0% used [0x00000007b1680000,0x00000007b1680000,0x00000007b2080000)
  to   space 10240K, 0% used [0x00000007b0c80000,0x00000007b0c80000,0x00000007b1680000)
 ParOldGen       total 169984K, used 1648K [0x0000000706800000, 0x0000000710e00000, 0x00000007acd00000)
  object space 169984K, 0% used [0x0000000706800000,0x000000070699c3a0,0x0000000710e00000)
 PSPermGen       total 23552K, used 10883K [0x00000006fc200000, 0x00000006fd900000, 0x0000000706800000)
  object space 23552K, 46% used [0x00000006fc200000,0x00000006fcca0d40,0x00000006fd900000)
}

