# JRE version: OpenJDK Runtime Environment (7.0_65-b32) (build 1.7.0_65-b32)
# Java VM: OpenJDK 64-Bit Server VM (24.65-b04 mixed mode linux-amd64 compressed oops)
Heap
 PSYoungGen      total 37376K, used 2959K [0x00000007d6900000, 0x00000007d9280000, 0x0000000800000000)
  eden space 32256K, 9% used [0x00000007d6900000,0x00000007d6be3c60,0x00000007d8880000)
  from space 5120K, 0% used [0x00000007d8880000,0x00000007d8880000,0x00000007d8d80000)
  to   space 5120K, 0% used [0x00000007d8d80000,0x00000007d8d80000,0x00000007d9280000)
 ParOldGen       total 84480K, used 1681K [0x0000000783c00000, 0x0000000788e80000, 0x00000007d6900000)
  object space 84480K, 1% used [0x0000000783c00000,0x0000000783da47e8,0x0000000788e80000)
 PSPermGen       total 24576K, used 11361K [0x0000000779600000, 0x000000077ae00000, 0x0000000783c00000)
  object space 24576K, 46% used [0x0000000779600000,0x000000077a118568,0x000000077ae00000)
GC Heap History (10 events):
Event: 1.789 GC heap before
{Heap before GC invocations=1 (full 0):
 PSYoungGen      total 37376K, used 10382K [0x00000007d6900000, 0x00000007d9280000, 0x0000000800000000)
  eden space 32256K, 32% used [0x00000007d6900000,0x00000007d7323bc8,0x00000007d8880000)
  from space 5120K, 0% used [0x00000007d8d80000,0x00000007d8d80000,0x00000007d9280000)
  to   space 5120K, 0% used [0x00000007d8880000,0x00000007d8880000,0x00000007d8d80000)
 ParOldGen       total 84480K, used 0K [0x0000000783c00000, 0x0000000788e80000, 0x00000007d6900000)
  object space 84480K, 0% used [0x0000000783c00000,0x0000000783c00000,0x0000000788e80000)
 PSPermGen       total 21504K, used 10638K [0x0000000779600000, 0x000000077ab00000, 0x0000000783c00000)
  object space 21504K, 49% used [0x0000000779600000,0x000000077a063be8,0x000000077ab00000)
Event: 1.796 GC heap after
Heap after GC invocations=1 (full 0):
 PSYoungGen      total 37376K, used 2099K [0x00000007d6900000, 0x00000007d9280000, 0x0000000800000000)
  eden space 32256K, 0% used [0x00000007d6900000,0x00000007d6900000,0x00000007d8880000)
  from space 5120K, 41% used [0x00000007d8880000,0x00000007d8a8cf28,0x00000007d8d80000)
  to   space 5120K, 0% used [0x00000007d8d80000,0x00000007d8d80000,0x00000007d9280000)
 ParOldGen       total 84480K, used 8K [0x0000000783c00000, 0x0000000788e80000, 0x00000007d6900000)
  object space 84480K, 0% used [0x0000000783c00000,0x0000000783c02000,0x0000000788e80000)
 PSPermGen       total 21504K, used 10638K [0x0000000779600000, 0x000000077ab00000, 0x0000000783c00000)
  object space 21504K, 49% used [0x0000000779600000,0x000000077a063be8,0x000000077ab00000)
}
Event: 1.796 GC heap before
{Heap before GC invocations=2 (full 1):
 PSYoungGen      total 37376K, used 2099K [0x00000007d6900000, 0x00000007d9280000, 0x0000000800000000)
  eden space 32256K, 0% used [0x00000007d6900000,0x00000007d6900000,0x00000007d8880000)
  from space 5120K, 41% used [0x00000007d8880000,0x00000007d8a8cf28,0x00000007d8d80000)
  to   space 5120K, 0% used [0x00000007d8d80000,0x00000007d8d80000,0x00000007d9280000)
 ParOldGen       total 84480K, used 8K [0x0000000783c00000, 0x0000000788e80000, 0x00000007d6900000)
  object space 84480K, 0% used [0x0000000783c00000,0x0000000783c02000,0x0000000788e80000)
 PSPermGen       total 21504K, used 10638K [0x0000000779600000, 0x000000077ab00000, 0x0000000783c00000)
  object space 21504K, 49% used [0x0000000779600000,0x000000077a063be8,0x000000077ab00000)
Event: 1.821 GC heap after
Heap after GC invocations=2 (full 1):
 PSYoungGen      total 37376K, used 0K [0x00000007d6900000, 0x00000007d9280000, 0x0000000800000000)
  eden space 32256K, 0% used [0x00000007d6900000,0x00000007d6900000,0x00000007d8880000)
  from space 5120K, 0% used [0x00000007d8880000,0x00000007d8880000,0x00000007d8d80000)
  to   space 5120K, 0% used [0x00000007d8d80000,0x00000007d8d80000,0x00000007d9280000)
 ParOldGen       total 84480K, used 1954K [0x0000000783c00000, 0x0000000788e80000, 0x00000007d6900000)
  object space 84480K, 2% used [0x0000000783c00000,0x0000000783de8900,0x0000000788e80000)
 PSPermGen       total 21504K, used 10636K [0x0000000779600000, 0x000000077ab00000, 0x0000000783c00000)
  object space 21504K, 49% used [0x0000000779600000,0x000000077a063290,0x000000077ab00000)
}
Event: 2965.541 GC heap before
{Heap before GC invocations=3 (full 1):
 PSYoungGen      total 37376K, used 32256K [0x00000007d6900000, 0x00000007d9280000, 0x0000000800000000)
  eden space 32256K, 100% used [0x00000007d6900000,0x00000007d8880000,0x00000007d8880000)
  from space 5120K, 0% used [0x00000007d8880000,0x00000007d8880000,0x00000007d8d80000)
  to   space 5120K, 0% used [0x00000007d8d80000,0x00000007d8d80000,0x00000007d9280000)
 ParOldGen       total 84480K, used 1954K [0x0000000783c00000, 0x0000000788e80000, 0x00000007d6900000)
  object space 84480K, 2% used [0x0000000783c00000,0x0000000783de8900,0x0000000788e80000)
 PSPermGen       total 21504K, used 11259K [0x0000000779600000, 0x000000077ab00000, 0x0000000783c00000)
  object space 21504K, 52% used [0x0000000779600000,0x000000077a0fecf8,0x000000077ab00000)
Event: 2965.543 GC heap after
Heap after GC invocations=3 (full 1):
 PSYoungGen      total 37376K, used 844K [0x00000007d6900000, 0x00000007d9280000, 0x0000000800000000)
  eden space 32256K, 0% used [0x00000007d6900000,0x00000007d6900000,0x00000007d8880000)
  from space 5120K, 16% used [0x00000007d8d80000,0x00000007d8e53178,0x00000007d9280000)
  to   space 5120K, 0% used [0x00000007d8880000,0x00000007d8880000,0x00000007d8d80000)
 ParOldGen       total 84480K, used 1962K [0x0000000783c00000, 0x0000000788e80000, 0x00000007d6900000)
  object space 84480K, 2% used [0x0000000783c00000,0x0000000783dea900,0x0000000788e80000)
 PSPermGen       total 21504K, used 11259K [0x0000000779600000, 0x000000077ab00000, 0x0000000783c00000)
  object space 21504K, 52% used [0x0000000779600000,0x000000077a0fecf8,0x000000077ab00000)
}
Event: 3601.820 GC heap before
{Heap before GC invocations=4 (full 1):
 PSYoungGen      total 37376K, used 2930K [0x00000007d6900000, 0x00000007d9280000, 0x0000000800000000)
  eden space 32256K, 6% used [0x00000007d6900000,0x00000007d6b09a10,0x00000007d8880000)
  from space 5120K, 16% used [0x00000007d8d80000,0x00000007d8e53178,0x00000007d9280000)
  to   space 5120K, 0% used [0x00000007d8880000,0x00000007d8880000,0x00000007d8d80000)
 ParOldGen       total 84480K, used 1962K [0x0000000783c00000, 0x0000000788e80000, 0x00000007d6900000)
  object space 84480K, 2% used [0x0000000783c00000,0x0000000783dea900,0x0000000788e80000)
 PSPermGen       total 21504K, used 11263K [0x0000000779600000, 0x000000077ab00000, 0x0000000783c00000)
  object space 21504K, 52% used [0x0000000779600000,0x000000077a0ffd80,0x000000077ab00000)
Event: 3601.821 GC heap after
Heap after GC invocations=4 (full 1):
 PSYoungGen      total 37376K, used 496K [0x00000007d6900000, 0x00000007d9280000, 0x0000000800000000)
  eden space 32256K, 0% used [0x00000007d6900000,0x00000007d6900000,0x00000007d8880000)
  from space 5120K, 9% used [0x00000007d8880000,0x00000007d88fc030,0x00000007d8d80000)
  to   space 5120K, 0% used [0x00000007d8d80000,0x00000007d8d80000,0x00000007d9280000)
 ParOldGen       total 84480K, used 1962K [0x0000000783c00000, 0x0000000788e80000, 0x00000007d6900000)
  object space 84480K, 2% used [0x0000000783c00000,0x0000000783dea900,0x0000000788e80000)
 PSPermGen       total 21504K, used 11263K [0x0000000779600000, 0x000000077ab00000, 0x0000000783c00000)
  object space 21504K, 52% used [0x0000000779600000,0x000000077a0ffd80,0x000000077ab00000)
}
Event: 3601.821 GC heap before
{Heap before GC invocations=5 (full 2):
 PSYoungGen      total 37376K, used 496K [0x00000007d6900000, 0x00000007d9280000, 0x0000000800000000)
  eden space 32256K, 0% used [0x00000007d6900000,0x00000007d6900000,0x00000007d8880000)
  from space 5120K, 9% used [0x00000007d8880000,0x00000007d88fc030,0x00000007d8d80000)
  to   space 5120K, 0% used [0x00000007d8d80000,0x00000007d8d80000,0x00000007d9280000)
 ParOldGen       total 84480K, used 1962K [0x0000000783c00000, 0x0000000788e80000, 0x00000007d6900000)
  object space 84480K, 2% used [0x0000000783c00000,0x0000000783dea900,0x0000000788e80000)
 PSPermGen       total 21504K, used 11263K [0x0000000779600000, 0x000000077ab00000, 0x0000000783c00000)
  object space 21504K, 52% used [0x0000000779600000,0x000000077a0ffd80,0x000000077ab00000)
Event: 3601.844 GC heap after
Heap after GC invocations=5 (full 2):
 PSYoungGen      total 37376K, used 0K [0x00000007d6900000, 0x00000007d9280000, 0x0000000800000000)
  eden space 32256K, 0% used [0x00000007d6900000,0x00000007d6900000,0x00000007d8880000)
  from space 5120K, 0% used [0x00000007d8880000,0x00000007d8880000,0x00000007d8d80000)
  to   space 5120K, 0% used [0x00000007d8d80000,0x00000007d8d80000,0x00000007d9280000)
 ParOldGen       total 84480K, used 1681K [0x0000000783c00000, 0x0000000788e80000, 0x00000007d6900000)
  object space 84480K, 1% used [0x0000000783c00000,0x0000000783da47e8,0x0000000788e80000)
 PSPermGen       total 24576K, used 11218K [0x0000000779600000, 0x000000077ae00000, 0x0000000783c00000)
  object space 24576K, 45% used [0x0000000779600000,0x000000077a0f4908,0x000000077ae00000)
}

